# JRE version: OpenJDK Runtime Environment Temurin-21.0.11+10 (21.0.11+10) (build 21.0.11+10-LTS)
# Java VM: OpenJDK 64-Bit Server VM Temurin-21.0.11+10 (21.0.11+10-LTS, mixed mode, sharing, tiered, compressed oops, compressed class ptrs, g1 gc, windows-amd64)
GC Precious Log:
 CardTable entry size: 512
 Card Set container configuration: InlinePtr #cards 5 size 8 Array Of Cards #cards 12 size 40 Howl #buckets 4 coarsen threshold 1843 Howl Bitmap #cards 512 size 80 coarsen threshold 460 Card regions per heap region 1 cards per card region 2048
 CPUs: 16 total, 16 available
 Memory: 32117M
 Large Page Support: Disabled
 NUMA Support: Disabled
 Compressed Oops: Enabled (32-bit)
 Heap Region Size: 1M
 Heap Min Capacity: 512M
 Heap Initial Capacity: 512M
 Heap Max Capacity: 1G
 Pre-touch: Disabled
 Parallel Workers: 13
 Concurrent Workers: 3
 Concurrent Refinement Workers: 13
 Periodic GC: Disabled
Heap:
 garbage-first heap   total 524288K, used 207002K [0x00000000c0000000, 0x0000000100000000)
  region size 1024K, 59 young (60416K), 23 survivors (23552K)
 Metaspace       used 128483K, committed 129920K, reserved 1179648K
  class space    used 16667K, committed 17344K, reserved 1048576K
GC Heap History (20 events):
Event: 6.125 GC heap before
{Heap before GC invocations=2 (full 0):
 garbage-first heap   total 524288K, used 69547K [0x00000000c0000000, 0x0000000100000000)
  region size 1024K, 50 young (51200K), 2 survivors (2048K)
 Metaspace       used 11958K, committed 12288K, reserved 1114112K
  class space    used 1427K, committed 1600K, reserved 1048576K
}
Event: 6.129 GC heap after
{Heap after GC invocations=3 (full 0):
 garbage-first heap   total 524288K, used 16986K [0x00000000c0000000, 0x0000000100000000)
  region size 1024K, 4 young (4096K), 4 survivors (4096K)
 Metaspace       used 11958K, committed 12288K, reserved 1114112K
  class space    used 1427K, committed 1600K, reserved 1048576K
}
Event: 6.775 GC heap before
{Heap before GC invocations=3 (full 0):
 garbage-first heap   total 524288K, used 87642K [0x00000000c0000000, 0x0000000100000000)
  region size 1024K, 74 young (75776K), 4 survivors (4096K)
 Metaspace       used 21092K, committed 21504K, reserved 1114112K
  class space    used 2611K, committed 2816K, reserved 1048576K
}
Event: 6.781 GC heap after
{Heap after GC invocations=4 (full 0):
 garbage-first heap   total 524288K, used 20711K [0x00000000c0000000, 0x0000000100000000)
  region size 1024K, 8 young (8192K), 8 survivors (8192K)
 Metaspace       used 21092K, committed 21504K, reserved 1114112K
  class space    used 2611K, committed 2816K, reserved 1048576K
}
Event: 8.959 GC heap before
{Heap before GC invocations=5 (full 0):
 garbage-first heap   total 524288K, used 278759K [0x00000000c0000000, 0x0000000100000000)
  region size 1024K, 262 young (268288K), 8 survivors (8192K)
 Metaspace       used 35516K, committed 35968K, reserved 1114112K
  class space    used 4426K, committed 4672K, reserved 1048576K
}
Event: 8.967 GC heap after
{Heap after GC invocations=6 (full 0):
 garbage-first heap   total 524288K, used 32203K [0x00000000c0000000, 0x0000000100000000)
  region size 1024K, 19 young (19456K), 19 survivors (19456K)
 Metaspace       used 35516K, committed 35968K, reserved 1114112K
  class space    used 4426K, committed 4672K, reserved 1048576K
}
Event: 13.370 GC heap before
{Heap before GC invocations=7 (full 0):
 garbage-first heap   total 524288K, used 340427K [0x00000000c0000000, 0x0000000100000000)
  region size 1024K, 307 young (314368K), 19 survivors (19456K)
 Metaspace       used 59207K, committed 59840K, reserved 1114112K
  class space    used 7633K, committed 7872K, reserved 1048576K
}
Event: 13.383 GC heap after
{Heap after GC invocations=8 (full 0):
 garbage-first heap   total 524288K, used 43211K [0x00000000c0000000, 0x0000000100000000)
  region size 1024K, 30 young (30720K), 30 survivors (30720K)
 Metaspace       used 59207K, committed 59840K, reserved 1114112K
  class space    used 7633K, committed 7872K, reserved 1048576K
}
Event: 13.410 GC heap before
{Heap before GC invocations=8 (full 0):
 garbage-first heap   total 524288K, used 46283K [0x00000000c0000000, 0x0000000100000000)
  region size 1024K, 34 young (34816K), 30 survivors (30720K)
 Metaspace       used 59488K, committed 60096K, reserved 1114112K
  class space    used 7681K, committed 7936K, reserved 1048576K
}
Event: 13.418 GC heap after
{Heap after GC invocations=9 (full 0):
 garbage-first heap   total 524288K, used 43266K [0x00000000c0000000, 0x0000000100000000)
  region size 1024K, 12 young (12288K), 12 survivors (12288K)
 Metaspace       used 59488K, committed 60096K, reserved 1114112K
  class space    used 7681K, committed 7936K, reserved 1048576K
}
Event: 15.881 GC heap before
{Heap before GC invocations=10 (full 0):
 garbage-first heap   total 524288K, used 344322K [0x00000000c0000000, 0x0000000100000000)
  region size 1024K, 307 young (314368K), 12 survivors (12288K)
 Metaspace       used 81511K, committed 82240K, reserved 1179648K
  class space    used 10953K, committed 11264K, reserved 1048576K
}
Event: 15.892 GC heap after
{Heap after GC invocations=11 (full 0):
 garbage-first heap   total 524288K, used 54193K [0x00000000c0000000, 0x0000000100000000)
  region size 1024K, 23 young (23552K), 23 survivors (23552K)
 Metaspace       used 81511K, committed 82240K, reserved 1179648K
  class space    used 10953K, committed 11264K, reserved 1048576K
}
Event: 18.981 GC heap before
{Heap before GC invocations=11 (full 0):
 garbage-first heap   total 524288K, used 276401K [0x00000000c0000000, 0x0000000100000000)
  region size 1024K, 242 young (247808K), 23 survivors (23552K)
 Metaspace       used 99514K, committed 100288K, reserved 1179648K
  class space    used 13046K, committed 13376K, reserved 1048576K
}
Event: 18.995 GC heap after
{Heap after GC invocations=12 (full 0):
 garbage-first heap   total 524288K, used 67722K [0x00000000c0000000, 0x0000000100000000)
  region size 1024K, 27 young (27648K), 27 survivors (27648K)
 Metaspace       used 99514K, committed 100288K, reserved 1179648K
  class space    used 13046K, committed 13376K, reserved 1048576K
}
Event: 19.020 GC heap before
{Heap before GC invocations=12 (full 0):
 garbage-first heap   total 524288K, used 69770K [0x00000000c0000000, 0x0000000100000000)
  region size 1024K, 30 young (30720K), 27 survivors (27648K)
 Metaspace       used 99777K, committed 100608K, reserved 1179648K
  class space    used 13100K, committed 13504K, reserved 1048576K
}
Event: 19.029 GC heap after
{Heap after GC invocations=13 (full 0):
 garbage-first heap   total 524288K, used 68756K [0x00000000c0000000, 0x0000000100000000)
  region size 1024K, 16 young (16384K), 16 survivors (16384K)
 Metaspace       used 99777K, committed 100608K, reserved 1179648K
  class space    used 13100K, committed 13504K, reserved 1048576K
}
Event: 41.812 GC heap before
{Heap before GC invocations=14 (full 0):
 garbage-first heap   total 524288K, used 409748K [0x00000000c0000000, 0x0000000100000000)
  region size 1024K, 307 young (314368K), 16 survivors (16384K)
 Metaspace       used 124467K, committed 125696K, reserved 1179648K
  class space    used 16680K, committed 17216K, reserved 1048576K
}
Event: 41.824 GC heap after
{Heap after GC invocations=15 (full 0):
 garbage-first heap   total 524288K, used 111784K [0x00000000c0000000, 0x0000000100000000)
  region size 1024K, 33 young (33792K), 33 survivors (33792K)
 Metaspace       used 124467K, committed 125696K, reserved 1179648K
  class space    used 16680K, committed 17216K, reserved 1048576K
}
Event: 3720.335 GC heap before
{Heap before GC invocations=15 (full 0):
 garbage-first heap   total 524288K, used 378024K [0x00000000c0000000, 0x0000000100000000)
  region size 1024K, 223 young (228352K), 33 survivors (33792K)
 Metaspace       used 128447K, committed 129728K, reserved 1179648K
  class space    used 16742K, committed 17344K, reserved 1048576K
}
Event: 3720.392 GC heap after
{Heap after GC invocations=16 (full 0):
 garbage-first heap   total 524288K, used 171162K [0x00000000c0000000, 0x0000000100000000)
  region size 1024K, 23 young (23552K), 23 survivors (23552K)
 Metaspace       used 128447K, committed 129728K, reserved 1179648K
  class space    used 16742K, committed 17344K, reserved 1048576K
}

